[evo-ai.website/index.html]
[backblue.gif]
[fade.gif]
[index.html]
[evo-ai.website/images/logo.jpg]
[evo-ai.website/fonts.googleapis.com/index.html]
[evo-ai.website/fonts.gstatic.com/index.html]
[evo-ai.website/fonts.googleapis.com/css2e899e899.css]
[evo-ai.website/css/global.css]
[evo-ai.website/css/style.css]
[evo-ai.website/css/responsive.css]
[evo-ai.website/109d3a64af.html]
[evo-ai.website/images/logo.png]
[evo-ai.website/images/twitter.png]
[evo-ai.website/images/tg.png]
[evo-ai.website/images/jup.png]
[evo-ai.website/images/dextools.png]
[evo-ai.website/images/dexscreener.png]
[evo-ai.website/images/banner.jpg]
[evo-ai.website/images/buy.gif]
[evo-ai.website/index.html]
[evo-ai.website/fonts.googleapis.com/index.html]
[evo-ai.website/fonts.gstatic.com/index.html]
[evo-ai.website/fonts.googleapis.com/css2e899e899.html]
[evo-ai.website/css/global.css]
[evo-ai.website/css/style.css]
[evo-ai.website/css/responsive.css]
[evo-ai.website/109d3a64af.html]
